# JRE version: OpenJDK Runtime Environment Temurin-17.0.6+10 (17.0.6+10) (build 17.0.6+10)
# Java VM: OpenJDK 64-Bit Server VM Temurin-17.0.6+10 (17.0.6+10, mixed mode, tiered, compressed oops, compressed class ptrs, g1 gc, windows-amd64)
GC Precious Log:
 CPUs: 4 total, 4 available
 Memory: 3801M
 Large Page Support: Disabled
 NUMA Support: Disabled
 Compressed Oops: Enabled (32-bit)
 Heap Region Size: 1M
 Heap Min Capacity: 8M
 Heap Initial Capacity: 60M
 Heap Max Capacity: 952M
 Pre-touch: Disabled
 Parallel Workers: 4
 Concurrent Workers: 1
 Concurrent Refinement Workers: 4
 Periodic GC: Disabled
Heap:
 garbage-first heap   total 47104K, used 16819K [0x00000000c4800000, 0x0000000100000000)
  region size 1024K, 11 young (11264K), 1 survivors (1024K)
 Metaspace       used 34406K, committed 34688K, reserved 1081344K
  class space    used 3934K, committed 4096K, reserved 1048576K
GC Heap History (12 events):
Event: 15.096 GC heap before
{Heap before GC invocations=0 (full 0):
 garbage-first heap   total 61440K, used 13312K [0x00000000c4800000, 0x0000000100000000)
  region size 1024K, 13 young (13312K), 0 survivors (0K)
 Metaspace       used 14386K, committed 14592K, reserved 1064960K
  class space    used 1355K, committed 1472K, reserved 1048576K
}
Event: 15.103 GC heap after
{Heap after GC invocations=1 (full 0):
 garbage-first heap   total 61440K, used 4448K [0x00000000c4800000, 0x0000000100000000)
  region size 1024K, 2 young (2048K), 2 survivors (2048K)
 Metaspace       used 14386K, committed 14592K, reserved 1064960K
  class space    used 1355K, committed 1472K, reserved 1048576K
}
Event: 15.788 GC heap before
{Heap before GC invocations=1 (full 0):
 garbage-first heap   total 61440K, used 16736K [0x00000000c4800000, 0x0000000100000000)
  region size 1024K, 14 young (14336K), 2 survivors (2048K)
 Metaspace       used 18927K, committed 19136K, reserved 1073152K
  class space    used 1935K, committed 2048K, reserved 1048576K
}
Event: 15.796 GC heap after
{Heap after GC invocations=2 (full 0):
 garbage-first heap   total 61440K, used 5328K [0x00000000c4800000, 0x0000000100000000)
  region size 1024K, 1 young (1024K), 1 survivors (1024K)
 Metaspace       used 18927K, committed 19136K, reserved 1073152K
  class space    used 1935K, committed 2048K, reserved 1048576K
}
Event: 16.085 GC heap before
{Heap before GC invocations=2 (full 0):
 garbage-first heap   total 61440K, used 11472K [0x00000000c4800000, 0x0000000100000000)
  region size 1024K, 8 young (8192K), 1 survivors (1024K)
 Metaspace       used 21386K, committed 21504K, reserved 1073152K
  class space    used 2185K, committed 2240K, reserved 1048576K
}
Event: 16.089 GC heap after
{Heap after GC invocations=3 (full 0):
 garbage-first heap   total 61440K, used 5983K [0x00000000c4800000, 0x0000000100000000)
  region size 1024K, 2 young (2048K), 2 survivors (2048K)
 Metaspace       used 21386K, committed 21504K, reserved 1073152K
  class space    used 2185K, committed 2240K, reserved 1048576K
}
Event: 16.970 GC heap before
{Heap before GC invocations=4 (full 0):
 garbage-first heap   total 27648K, used 19295K [0x00000000c4800000, 0x0000000100000000)
  region size 1024K, 16 young (16384K), 2 survivors (2048K)
 Metaspace       used 28923K, committed 29184K, reserved 1081344K
  class space    used 3157K, committed 3264K, reserved 1048576K
}
Event: 16.979 GC heap after
{Heap after GC invocations=5 (full 0):
 garbage-first heap   total 27648K, used 8287K [0x00000000c4800000, 0x0000000100000000)
  region size 1024K, 4 young (4096K), 4 survivors (4096K)
 Metaspace       used 28923K, committed 29184K, reserved 1081344K
  class space    used 3157K, committed 3264K, reserved 1048576K
}
Event: 17.009 GC heap before
{Heap before GC invocations=5 (full 0):
 garbage-first heap   total 27648K, used 8287K [0x00000000c4800000, 0x0000000100000000)
  region size 1024K, 5 young (5120K), 4 survivors (4096K)
 Metaspace       used 29232K, committed 29440K, reserved 1081344K
  class space    used 3186K, committed 3264K, reserved 1048576K
}
Event: 17.018 GC heap after
{Heap after GC invocations=6 (full 0):
 garbage-first heap   total 27648K, used 8524K [0x00000000c4800000, 0x0000000100000000)
  region size 1024K, 1 young (1024K), 1 survivors (1024K)
 Metaspace       used 29232K, committed 29440K, reserved 1081344K
  class space    used 3186K, committed 3264K, reserved 1048576K
}
Event: 17.477 GC heap before
{Heap before GC invocations=6 (full 0):
 garbage-first heap   total 27648K, used 18764K [0x00000000c4800000, 0x0000000100000000)
  region size 1024K, 11 young (11264K), 1 survivors (1024K)
 Metaspace       used 31856K, committed 32064K, reserved 1081344K
  class space    used 3551K, committed 3648K, reserved 1048576K
}
Event: 17.481 GC heap after
{Heap after GC invocations=7 (full 0):
 garbage-first heap   total 47104K, used 8627K [0x00000000c4800000, 0x0000000100000000)
  region size 1024K, 1 young (1024K), 1 survivors (1024K)
 Metaspace       used 31856K, committed 32064K, reserved 1081344K
  class space    used 3551K, committed 3648K, reserved 1048576K
}

