# JRE version: OpenJDK Runtime Environment Temurin-17.0.6+10 (17.0.6+10) (build 17.0.6+10)
# Java VM: OpenJDK 64-Bit Server VM Temurin-17.0.6+10 (17.0.6+10, mixed mode, tiered, compressed oops, compressed class ptrs, g1 gc, windows-amd64)
GC Precious Log:
 CPUs: 4 total, 4 available
 Memory: 3801M
 Large Page Support: Disabled
 NUMA Support: Disabled
 Compressed Oops: Enabled (32-bit)
 Heap Region Size: 1M
 Heap Min Capacity: 8M
 Heap Initial Capacity: 60M
 Heap Max Capacity: 952M
 Pre-touch: Disabled
 Parallel Workers: 4
 Concurrent Workers: 1
 Concurrent Refinement Workers: 4
 Periodic GC: Disabled
Heap:
 garbage-first heap   total 27648K, used 9917K [0x00000000c4800000, 0x0000000100000000)
  region size 1024K, 3 young (3072K), 2 survivors (2048K)
 Metaspace       used 39668K, committed 39872K, reserved 1089536K
  class space    used 4812K, committed 4928K, reserved 1048576K
GC Heap History (16 events):
Event: 17.722 GC heap before
{Heap before GC invocations=0 (full 0):
 garbage-first heap   total 61440K, used 13312K [0x00000000c4800000, 0x0000000100000000)
  region size 1024K, 13 young (13312K), 0 survivors (0K)
 Metaspace       used 14391K, committed 14592K, reserved 1064960K
  class space    used 1355K, committed 1472K, reserved 1048576K
}
Event: 17.732 GC heap after
{Heap after GC invocations=1 (full 0):
 garbage-first heap   total 61440K, used 4407K [0x00000000c4800000, 0x0000000100000000)
  region size 1024K, 2 young (2048K), 2 survivors (2048K)
 Metaspace       used 14391K, committed 14592K, reserved 1064960K
  class space    used 1355K, committed 1472K, reserved 1048576K
}
Event: 18.432 GC heap before
{Heap before GC invocations=1 (full 0):
 garbage-first heap   total 61440K, used 16695K [0x00000000c4800000, 0x0000000100000000)
  region size 1024K, 14 young (14336K), 2 survivors (2048K)
 Metaspace       used 18945K, committed 19136K, reserved 1073152K
  class space    used 1934K, committed 2048K, reserved 1048576K
}
Event: 18.440 GC heap after
{Heap after GC invocations=2 (full 0):
 garbage-first heap   total 61440K, used 5361K [0x00000000c4800000, 0x0000000100000000)
  region size 1024K, 1 young (1024K), 1 survivors (1024K)
 Metaspace       used 18945K, committed 19136K, reserved 1073152K
  class space    used 1934K, committed 2048K, reserved 1048576K
}
Event: 18.788 GC heap before
{Heap before GC invocations=2 (full 0):
 garbage-first heap   total 61440K, used 11505K [0x00000000c4800000, 0x0000000100000000)
  region size 1024K, 8 young (8192K), 1 survivors (1024K)
 Metaspace       used 21386K, committed 21504K, reserved 1073152K
  class space    used 2182K, committed 2240K, reserved 1048576K
}
Event: 18.794 GC heap after
{Heap after GC invocations=3 (full 0):
 garbage-first heap   total 61440K, used 5929K [0x00000000c4800000, 0x0000000100000000)
  region size 1024K, 2 young (2048K), 2 survivors (2048K)
 Metaspace       used 21386K, committed 21504K, reserved 1073152K
  class space    used 2182K, committed 2240K, reserved 1048576K
}
Event: 19.905 GC heap before
{Heap before GC invocations=4 (full 0):
 garbage-first heap   total 27648K, used 19241K [0x00000000c4800000, 0x0000000100000000)
  region size 1024K, 16 young (16384K), 2 survivors (2048K)
 Metaspace       used 28949K, committed 29184K, reserved 1081344K
  class space    used 3156K, committed 3264K, reserved 1048576K
}
Event: 19.915 GC heap after
{Heap after GC invocations=5 (full 0):
 garbage-first heap   total 27648K, used 8189K [0x00000000c4800000, 0x0000000100000000)
  region size 1024K, 4 young (4096K), 4 survivors (4096K)
 Metaspace       used 28949K, committed 29184K, reserved 1081344K
  class space    used 3156K, committed 3264K, reserved 1048576K
}
Event: 19.947 GC heap before
{Heap before GC invocations=5 (full 0):
 garbage-first heap   total 27648K, used 8189K [0x00000000c4800000, 0x0000000100000000)
  region size 1024K, 5 young (5120K), 4 survivors (4096K)
 Metaspace       used 29260K, committed 29504K, reserved 1081344K
  class space    used 3190K, committed 3328K, reserved 1048576K
}
Event: 19.955 GC heap after
{Heap after GC invocations=6 (full 0):
 garbage-first heap   total 27648K, used 8531K [0x00000000c4800000, 0x0000000100000000)
  region size 1024K, 1 young (1024K), 1 survivors (1024K)
 Metaspace       used 29260K, committed 29504K, reserved 1081344K
  class space    used 3190K, committed 3328K, reserved 1048576K
}
Event: 20.435 GC heap before
{Heap before GC invocations=6 (full 0):
 garbage-first heap   total 27648K, used 18771K [0x00000000c4800000, 0x0000000100000000)
  region size 1024K, 11 young (11264K), 1 survivors (1024K)
 Metaspace       used 31874K, committed 32064K, reserved 1081344K
  class space    used 3547K, committed 3648K, reserved 1048576K
}
Event: 20.438 GC heap after
{Heap after GC invocations=7 (full 0):
 garbage-first heap   total 27648K, used 8616K [0x00000000c4800000, 0x0000000100000000)
  region size 1024K, 1 young (1024K), 1 survivors (1024K)
 Metaspace       used 31874K, committed 32064K, reserved 1081344K
  class space    used 3547K, committed 3648K, reserved 1048576K
}
Event: 21.013 GC heap before
{Heap before GC invocations=7 (full 0):
 garbage-first heap   total 27648K, used 17832K [0x00000000c4800000, 0x0000000100000000)
  region size 1024K, 11 young (11264K), 1 survivors (1024K)
 Metaspace       used 34809K, committed 35008K, reserved 1081344K
  class space    used 3970K, committed 4032K, reserved 1048576K
}
Event: 21.016 GC heap after
{Heap after GC invocations=8 (full 0):
 garbage-first heap   total 27648K, used 9021K [0x00000000c4800000, 0x0000000100000000)
  region size 1024K, 2 young (2048K), 2 survivors (2048K)
 Metaspace       used 34809K, committed 35008K, reserved 1081344K
  class space    used 3970K, committed 4032K, reserved 1048576K
}
Event: 21.166 GC heap before
{Heap before GC invocations=8 (full 0):
 garbage-first heap   total 27648K, used 12093K [0x00000000c4800000, 0x0000000100000000)
  region size 1024K, 6 young (6144K), 2 survivors (2048K)
 Metaspace       used 35796K, committed 36096K, reserved 1081344K
  class space    used 4114K, committed 4288K, reserved 1048576K
}
Event: 21.171 GC heap after
{Heap after GC invocations=9 (full 0):
 garbage-first heap   total 27648K, used 9268K [0x00000000c4800000, 0x0000000100000000)
  region size 1024K, 2 young (2048K), 2 survivors (2048K)
 Metaspace       used 35796K, committed 36096K, reserved 1081344K
  class space    used 4114K, committed 4288K, reserved 1048576K
}

